<?xml version="1.0" encoding="UTF-8"?>

<!-- some comments -->

<NaaccrData baseDictionaryUri="http://naaccr.org/naaccrxml/naaccr-dictionary-160.xml" recordType="I" specificationVersion="1.1" xmlns="http://naaccr.org/naaccrxml" xmlns:other="http://whatever.org">
    <Item naaccrId="registryId">0000000001</Item>
    <other:MyOuterTag>
        <other:MyInnerTag>Something</other:MyInnerTag>
    </other:MyOuterTag>
    <Patient>
        <Item naaccrId="patientIdNumber">00000001</Item>
        <Tumor>
            <Item naaccrId="primarySite"><![CDATA[C123]]></Item>
        </Tumor>
    </Patient>
</NaaccrData>